<?xml version="1.0" encoding="UTF-8"?>
<testng-results skipped="0" failed="0" ignored="0" total="1" passed="1">
  <reporter-output>
  </reporter-output>
  <suite name="Default suite" duration-ms="7436" started-at="2022-05-20T04:32:54Z" finished-at="2022-05-20T04:33:02Z">
    <groups>
    </groups>
    <test name="Default test" duration-ms="7436" started-at="2022-05-20T04:32:54Z" finished-at="2022-05-20T04:33:02Z">
      <class name="com.user.TestDropDownList">
        <test-method status="PASS" signature="testDropDown()[pri:0, instance:com.user.TestDropDownList@7f9a81e8]" name="testDropDown" duration-ms="7405" started-at="2022-05-20T10:02:54Z" finished-at="2022-05-20T10:03:02Z">
          <reporter-output>
          </reporter-output>
        </test-method> <!-- testDropDown -->
      </class> <!-- com.user.TestDropDownList -->
    </test> <!-- Default test -->
  </suite> <!-- Default suite -->
</testng-results>
